<?xml version="1.0" encoding="UTF-8"?>
<!-- Generated by org.testng.reporters.JUnitXMLReporter -->
<testsuite ignored="3" hostname="LAPTOP-7H80H57B" failures="0" tests="1" name="Default test" time="21.776" errors="0" timestamp="2025-08-04T23:13:45 IST">
  <testcase classname="Pages_2.My_Info_page" name="Upload_Profile_Photo" time="7.972"/>
  <testcase classname="Pages_2.My_Info_page" name="Contact_Details" time="0.0">
    <ignored/>
  </testcase> <!-- Contact_Details -->
  <testcase classname="Pages_2.My_Info_page" name="Assigned_Emergency_Contacts" time="0.0">
    <ignored/>
  </testcase> <!-- Assigned_Emergency_Contacts -->
  <testcase classname="Pages_2.My_Info_page" name="Assign_Membership" time="0.0">
    <ignored/>
  </testcase> <!-- Assign_Membership -->
</testsuite> <!-- Default test -->
