<?xml version="1.0" encoding="UTF-8"?>
<!-- Generated by org.testng.reporters.JUnitXMLReporter -->
<testsuite ignored="0" hostname="LAPTOP-7H80H57B" failures="0" tests="3" name="Test" time="46.475" errors="0" timestamp="2025-07-24T22:51:36 IST">
  <testcase classname="Pages.Add_Employee_1" name="Add_emp" time="8.01"/>
  <testcase classname="Pages.Admin_AddUser_2" name="AddUser" time="12.373"/>
  <testcase classname="Pages.After_AddUser_Login" name="login" time="0.942"/>
</testsuite> <!-- Test -->
