<?xml version="1.0" encoding="UTF-8"?>
<!-- Generated by org.testng.reporters.JUnitXMLReporter -->
<testsuite ignored="0" hostname="LAPTOP-7H80H57B" failures="0" tests="6" name="Test" time="60.27" errors="0" timestamp="2025-08-05T00:22:36 IST">
  <testcase classname="Pages.Add_Employee_1" name="Add_emp" time="11.706"/>
  <testcase classname="Pages.Admin_AddUser_2" name="AddUser" time="12.298"/>
  <testcase classname="Pages_2.My_Info_page" name="Contact_Details" time="9.29"/>
  <testcase classname="Pages_2.My_Info_page" name="Assigned_Emergency_Contacts" time="1.999"/>
  <testcase classname="Pages_2.My_Info_page" name="Assign_Membership" time="1.865"/>
  <testcase classname="Pages_2.My_Info_page" name="Upload_Profile_Photo" time="5.651"/>
</testsuite> <!-- Test -->
