<?xml version="1.0" encoding="UTF-8"?>
<testng-results ignored="0" total="1" passed="1" failed="0" skipped="0">
  <reporter-output>
  </reporter-output>
  <suite started-at="2025-07-18T00:08:09 IST" name="Default suite" finished-at="2025-07-18T00:08:27 IST" duration-ms="18434">
    <groups>
    </groups>
    <test started-at="2025-07-18T00:08:09 IST" name="Default test" finished-at="2025-07-18T00:08:27 IST" duration-ms="18434">
      <class name="Pages.Admin_AddUser">
        <test-method is-config="true" signature="openBrowser()[pri:0, instance:Pages.Admin_AddUser@2b71e916]" started-at="2025-07-18T00:08:09 IST" name="openBrowser" finished-at="2025-07-18T00:08:18 IST" duration-ms="8988" status="PASS">
          <reporter-output>
          </reporter-output>
        </test-method> <!-- openBrowser -->
        <test-method signature="AddUser()[pri:0, instance:Pages.Admin_AddUser@2b71e916]" started-at="2025-07-18T00:08:18 IST" name="AddUser" finished-at="2025-07-18T00:08:27 IST" duration-ms="9365" status="PASS">
          <reporter-output>
          </reporter-output>
        </test-method> <!-- AddUser -->
      </class> <!-- Pages.Admin_AddUser -->
    </test> <!-- Default test -->
  </suite> <!-- Default suite -->
</testng-results>
