<?xml version="1.0" encoding="UTF-8"?>
<testng-results ignored="0" total="1" passed="1" failed="0" skipped="0">
  <reporter-output>
  </reporter-output>
  <suite started-at="2025-07-11T22:26:42 IST" name="Default suite" finished-at="2025-07-11T22:27:07 IST" duration-ms="24805">
    <groups>
    </groups>
    <test started-at="2025-07-11T22:26:42 IST" name="Default test" finished-at="2025-07-11T22:27:07 IST" duration-ms="24805">
      <class name="Pages.Delete_InOut_Record">
        <test-method is-config="true" signature="openBrowser()[pri:0, instance:Pages.Delete_InOut_Record@2b71e916]" started-at="2025-07-11T22:26:42 IST" name="openBrowser" finished-at="2025-07-11T22:26:50 IST" duration-ms="8040" status="PASS">
          <reporter-output>
          </reporter-output>
        </test-method> <!-- openBrowser -->
        <test-method signature="DRecord(java.lang.String,java.lang.String)[pri:0, instance:Pages.Delete_InOut_Record@2b71e916]" started-at="2025-07-11T22:26:50 IST" name="DRecord" data-provider="DP" finished-at="2025-07-11T22:27:07 IST" duration-ms="16674" status="PASS">
          <params>
            <param index="0">
              <value>
                <![CDATA[Admin]]>
              </value>
            </param>
            <param index="1">
              <value>
                <![CDATA[admin123]]>
              </value>
            </param>
          </params>
          <reporter-output>
          </reporter-output>
        </test-method> <!-- DRecord -->
      </class> <!-- Pages.Delete_InOut_Record -->
    </test> <!-- Default test -->
  </suite> <!-- Default suite -->
</testng-results>
